2014-11-23 06:12:53,417 - Server-7 - Belongs to:CITI
2014-11-23 06:12:53,418 - Server-7 - Predecessor id:('nafeess-MacBook-Air.local', 37082)
2014-11-23 06:12:53,418 - Server-7 - Sucessor id:None
2014-11-23 06:12:53,419 - Server-7 - I am the Tail !!
2014-11-23 06:12:53,420 - Server-7 - Life Time: Server never terminates!
2014-11-23 06:12:53,451 - Server-7 - Req_id:CITI.1.200 Account:20001 Amount:None Operation:getbalance
2014-11-23 06:12:53,452 - Server-7 - Account Not Exists!
2014-11-23 06:12:53,453 - Server-7 - Creating Account!
2014-11-23 06:12:53,456 - Server-7 - Received no of messages:1
2014-11-23 06:12:53,457 - Server-7 - Sent no of messages:1
2014-11-23 06:12:53,457 - Server-7 - before getbalance operation: Account No:20001 Current Balance:0
2014-11-23 06:12:53,458 - Server-7 - Account Exists!
2014-11-23 06:12:53,458 - Server-7 - send reply to client:('nafeess-MacBook-Air.local', 36426)
2014-11-23 06:12:53,487 - Server-7 - Request received from its predecessor:('nafeess-MacBook-Air.local', 37082)
2014-11-23 06:12:53,488 - Server-7 - Req id :CITI.1.118
2014-11-23 06:12:53,488 - Server-7 - Update No This Server has received:1
2014-11-23 06:12:53,489 - Server-7 - Account Not Exists!
2014-11-23 06:12:53,489 - Server-7 - Creating Account!
2014-11-23 06:12:53,490 - Server-7 - Received no of messages:2
2014-11-23 06:12:53,490 - Server-7 - Sent no of messages:2
2014-11-23 06:12:53,490 - Server-7 - Operation is invalid ! Just pass on request ..
2014-11-23 06:12:53,491 - Server-7 - Status of operation  34035:('invalid', ('CITI.1.118', 10005, 'InsufficientFunds', 0))
2014-11-23 06:12:53,491 - Server-7 - Send reply to client:('nafeess-MacBook-Air.local', 36426)
2014-11-23 06:12:53,494 - Server-7 - Send ACK for update no 1 to ('nafeess-MacBook-Air.local', 37082)
2014-11-23 06:12:53,531 - Server-7 - Request received from its predecessor:('nafeess-MacBook-Air.local', 37082)
2014-11-23 06:12:53,532 - Server-7 - Req id :CITI.1.119
2014-11-23 06:12:53,533 - Server-7 - Update No This Server has received:2
2014-11-23 06:12:53,533 - Server-7 - Account Not Exists!
2014-11-23 06:12:53,533 - Server-7 - Creating Account!
2014-11-23 06:12:53,533 - Server-7 - Received no of messages:3
2014-11-23 06:12:53,534 - Server-7 - Sent no of messages:3
2014-11-23 06:12:53,534 - Server-7 - Operation is valid so update its internal data structures
2014-11-23 06:12:53,534 - Server-7 - After updating: Account No:10002 Current Balance:300
2014-11-23 06:12:53,534 - Server-7 - Status of operation  34035:('valid', ('CITI.1.119', 10002, 'Processed', 300), 300, ('CITI.1.119', 'D', 300))
2014-11-23 06:12:53,535 - Server-7 - Send reply to client:('nafeess-MacBook-Air.local', 36426)
2014-11-23 06:12:53,537 - Server-7 - Send ACK for update no 2 to ('nafeess-MacBook-Air.local', 37082)
2014-11-23 06:12:53,554 - Server-7 - Request received from its predecessor:('nafeess-MacBook-Air.local', 37082)
2014-11-23 06:12:53,554 - Server-7 - Req id :CITI.1.120
2014-11-23 06:12:53,555 - Server-7 - Update No This Server has received:3
2014-11-23 06:12:53,555 - Server-7 - Account Not Exists!
2014-11-23 06:12:53,556 - Server-7 - Creating Account!
2014-11-23 06:12:53,556 - Server-7 - Received no of messages:4
2014-11-23 06:12:53,556 - Server-7 - Sent no of messages:4
2014-11-23 06:12:53,557 - Server-7 - Operation is invalid ! Just pass on request ..
2014-11-23 06:12:53,557 - Server-7 - Status of operation  34035:('invalid', ('CITI.1.120', 10001, 'InsufficientFunds', 0))
2014-11-23 06:12:53,558 - Server-7 - Send reply to client:('nafeess-MacBook-Air.local', 36426)
2014-11-23 06:12:53,560 - Server-7 - Send ACK for update no 3 to ('nafeess-MacBook-Air.local', 37082)
2014-11-23 06:12:53,582 - Server-7 - Request received from its predecessor:('nafeess-MacBook-Air.local', 37082)
2014-11-23 06:12:53,582 - Server-7 - Req id :CITI.1.103
2014-11-23 06:12:53,583 - Server-7 - Update No This Server has received:4
2014-11-23 06:12:53,583 - Server-7 - Account Exists!
2014-11-23 06:12:53,584 - Server-7 - Received no of messages:5
2014-11-23 06:12:53,584 - Server-7 - Sent no of messages:5
2014-11-23 06:12:53,584 - Server-7 - Operation is valid so update its internal data structures
2014-11-23 06:12:53,585 - Server-7 - After updating: Account No:20001 Current Balance:200
2014-11-23 06:12:53,585 - Server-7 - Status of operation  34035:('valid', ('CITI.1.103', 20001, 'Processed', 200), 200, ('CITI.1.103', 'D', 200))
2014-11-23 06:12:53,622 - Server-7 - Answer from master tail of TCFU is:('nafeess-MacBook-Air.local', 23558)
2014-11-23 06:12:53,631 - Server-7 - in receive of transfer ACK
2014-11-23 06:12:53,634 - Server-7 - Do Nothing !!
2014-11-23 06:12:53,636 - Server-7 - Send ACK for update no 4 to ('nafeess-MacBook-Air.local', 37082)
2014-11-23 06:13:03,579 - Server-7 - Request received from its predecessor:('nafeess-MacBook-Air.local', 37082)
2014-11-23 06:13:03,579 - Server-7 - Req id :CITI.1.137
2014-11-23 06:13:03,580 - Server-7 - Update No This Server has received:5
2014-11-23 06:13:03,580 - Server-7 - Account Exists!
2014-11-23 06:13:03,580 - Server-7 - Received no of messages:6
2014-11-23 06:13:03,581 - Server-7 - Sent no of messages:6
2014-11-23 06:13:03,581 - Server-7 - Operation is valid so update its internal data structures
2014-11-23 06:13:03,581 - Server-7 - After updating: Account No:10002 Current Balance:600
2014-11-23 06:13:03,582 - Server-7 - Status of operation  34035:('valid', ('CITI.1.137', 10002, 'Processed', 600), 600, ('CITI.1.137', 'D', 300))
2014-11-23 06:13:03,582 - Server-7 - Send reply to client:('nafeess-MacBook-Air.local', 36426)
2014-11-23 06:13:03,584 - Server-7 - Send ACK for update no 5 to ('nafeess-MacBook-Air.local', 37082)
2014-11-23 06:13:03,595 - Server-7 - Request received from its predecessor:('nafeess-MacBook-Air.local', 37082)
2014-11-23 06:13:03,596 - Server-7 - Req id :CITI.1.138
2014-11-23 06:13:03,596 - Server-7 - Update No This Server has received:6
2014-11-23 06:13:03,597 - Server-7 - Account Exists!
2014-11-23 06:13:03,597 - Server-7 - Received no of messages:7
2014-11-23 06:13:03,597 - Server-7 - Sent no of messages:7
2014-11-23 06:13:03,598 - Server-7 - Operation is invalid ! Just pass on request ..
2014-11-23 06:13:03,598 - Server-7 - Status of operation  34035:('invalid', ('CITI.1.138', 10001, 'InsufficientFunds', 0))
2014-11-23 06:13:03,598 - Server-7 - Send reply to client:('nafeess-MacBook-Air.local', 36426)
2014-11-23 06:13:03,601 - Server-7 - Send ACK for update no 6 to ('nafeess-MacBook-Air.local', 37082)
2014-11-23 06:13:03,614 - Server-7 - Request received from its predecessor:('nafeess-MacBook-Air.local', 37082)
2014-11-23 06:13:03,615 - Server-7 - Req id :CITI.1.139
2014-11-23 06:13:03,616 - Server-7 - Update No This Server has received:7
2014-11-23 06:13:03,616 - Server-7 - Account Exists!
2014-11-23 06:13:03,616 - Server-7 - Received no of messages:8
2014-11-23 06:13:03,617 - Server-7 - Sent no of messages:8
2014-11-23 06:13:03,617 - Server-7 - Operation is valid so update its internal data structures
2014-11-23 06:13:03,617 - Server-7 - After updating: Account No:10001 Current Balance:600
2014-11-23 06:13:03,618 - Server-7 - Status of operation  34035:('valid', ('CITI.1.139', 10001, 'Processed', 600), 600, ('CITI.1.139', 'D', 600))
2014-11-23 06:13:03,618 - Server-7 - Send reply to client:('nafeess-MacBook-Air.local', 36426)
2014-11-23 06:13:03,620 - Server-7 - Send ACK for update no 7 to ('nafeess-MacBook-Air.local', 37082)
2014-11-23 06:13:03,632 - Server-7 - Request received from its predecessor:('nafeess-MacBook-Air.local', 37082)
2014-11-23 06:13:03,633 - Server-7 - Req id :CITI.1.140
2014-11-23 06:13:03,633 - Server-7 - Update No This Server has received:8
2014-11-23 06:13:03,633 - Server-7 - Account Exists!
2014-11-23 06:13:03,634 - Server-7 - Received no of messages:9
2014-11-23 06:13:03,634 - Server-7 - Sent no of messages:9
2014-11-23 06:13:03,634 - Server-7 - Operation is valid so update its internal data structures
2014-11-23 06:13:03,635 - Server-7 - After updating: Account No:10001 Current Balance:400
2014-11-23 06:13:03,635 - Server-7 - Status of operation  34035:('valid', ('CITI.1.140', 10001, 'Processed', 400), 400, ('CITI.1.140', 'W', 200))
2014-11-23 06:13:03,636 - Server-7 - Send reply to client:('nafeess-MacBook-Air.local', 36426)
2014-11-23 06:13:03,638 - Server-7 - Send ACK for update no 8 to ('nafeess-MacBook-Air.local', 37082)
