2014-11-23 06:12:53,412 - Server-8 - Belongs to:CITI
2014-11-23 06:12:53,413 - Server-8 - Predecessor id:('nafeess-MacBook-Air.local', 36055)
2014-11-23 06:12:53,413 - Server-8 - Sucessor id:('nafeess-MacBook-Air.local', 34035)
2014-11-23 06:12:53,414 - Server-8 - Life Time: Server never terminates!
2014-11-23 06:12:53,480 - Server-8 - Request received from its predecessor:('nafeess-MacBook-Air.local', 36055)
2014-11-23 06:12:53,480 - Server-8 - Req id :CITI.1.118
2014-11-23 06:12:53,481 - Server-8 - Update No This Server has received:1
2014-11-23 06:12:53,481 - Server-8 - Account Not Exists!
2014-11-23 06:12:53,482 - Server-8 - Creating Account!
2014-11-23 06:12:53,482 - Server-8 - Received no of messages:1
2014-11-23 06:12:53,483 - Server-8 - Sent no of messages:1
2014-11-23 06:12:53,483 - Server-8 - Operation is invalid ! Just pass on request ..
2014-11-23 06:12:53,483 - Server-8 - Status of operation  37082:('invalid', ('CITI.1.118', 10005, 'InsufficientFunds', 0))
2014-11-23 06:12:53,484 - Server-8 - Update No before forwarding to its successor:1 successor:('nafeess-MacBook-Air.local', 34035)
2014-11-23 06:12:53,498 - Server-8 - Receive ACK - CurrentTrans - Before:[1] Received UpdateNo:1
2014-11-23 06:12:53,500 - Server-8 - Receive ACK - CurrentTrans - After:[]
2014-11-23 06:12:53,501 - Server-8 - Send ACK for update no 1 to ('nafeess-MacBook-Air.local', 36055)
2014-11-23 06:12:53,508 - Server-8 - Request received from its predecessor:('nafeess-MacBook-Air.local', 36055)
2014-11-23 06:12:53,508 - Server-8 - Req id :CITI.1.119
2014-11-23 06:12:53,509 - Server-8 - Update No This Server has received:2
2014-11-23 06:12:53,510 - Server-8 - Account Not Exists!
2014-11-23 06:12:53,510 - Server-8 - Creating Account!
2014-11-23 06:12:53,510 - Server-8 - Received no of messages:2
2014-11-23 06:12:53,511 - Server-8 - Sent no of messages:2
2014-11-23 06:12:53,511 - Server-8 - Operation is valid so update its internal data structures
2014-11-23 06:12:53,511 - Server-8 - After updating: Account No:10002 Current Balance:300
2014-11-23 06:12:53,511 - Server-8 - Status of operation  37082:('valid', ('CITI.1.119', 10002, 'Processed', 300), 300, ('CITI.1.119', 'D', 300))
2014-11-23 06:12:53,527 - Server-8 - Update No before forwarding to its successor:2 successor:('nafeess-MacBook-Air.local', 34035)
2014-11-23 06:12:53,540 - Server-8 - Receive ACK - CurrentTrans - Before:[2] Received UpdateNo:2
2014-11-23 06:12:53,541 - Server-8 - Receive ACK - CurrentTrans - After:[]
2014-11-23 06:12:53,542 - Server-8 - Send ACK for update no 2 to ('nafeess-MacBook-Air.local', 36055)
2014-11-23 06:12:53,548 - Server-8 - Request received from its predecessor:('nafeess-MacBook-Air.local', 36055)
2014-11-23 06:12:53,548 - Server-8 - Req id :CITI.1.120
2014-11-23 06:12:53,549 - Server-8 - Update No This Server has received:3
2014-11-23 06:12:53,550 - Server-8 - Account Not Exists!
2014-11-23 06:12:53,550 - Server-8 - Creating Account!
2014-11-23 06:12:53,550 - Server-8 - Received no of messages:3
2014-11-23 06:12:53,550 - Server-8 - Sent no of messages:3
2014-11-23 06:12:53,551 - Server-8 - Operation is invalid ! Just pass on request ..
2014-11-23 06:12:53,551 - Server-8 - Status of operation  37082:('invalid', ('CITI.1.120', 10001, 'InsufficientFunds', 0))
2014-11-23 06:12:53,552 - Server-8 - Update No before forwarding to its successor:3 successor:('nafeess-MacBook-Air.local', 34035)
2014-11-23 06:12:53,566 - Server-8 - Receive ACK - CurrentTrans - Before:[3] Received UpdateNo:3
2014-11-23 06:12:53,568 - Server-8 - Receive ACK - CurrentTrans - After:[]
2014-11-23 06:12:53,570 - Server-8 - Send ACK for update no 3 to ('nafeess-MacBook-Air.local', 36055)
2014-11-23 06:12:53,576 - Server-8 - Request received from its predecessor:('nafeess-MacBook-Air.local', 36055)
2014-11-23 06:12:53,576 - Server-8 - Req id :CITI.1.103
2014-11-23 06:12:53,577 - Server-8 - Update No This Server has received:4
2014-11-23 06:12:53,577 - Server-8 - Account Not Exists!
2014-11-23 06:12:53,578 - Server-8 - Creating Account!
2014-11-23 06:12:53,578 - Server-8 - Received no of messages:4
2014-11-23 06:12:53,578 - Server-8 - Sent no of messages:4
2014-11-23 06:12:53,579 - Server-8 - Operation is valid so update its internal data structures
2014-11-23 06:12:53,579 - Server-8 - After updating: Account No:20001 Current Balance:200
2014-11-23 06:12:53,579 - Server-8 - Status of operation  37082:('valid', ('CITI.1.103', 20001, 'Processed', 200), 200, ('CITI.1.103', 'D', 200))
2014-11-23 06:12:53,580 - Server-8 - Update No before forwarding to its successor:4 successor:('nafeess-MacBook-Air.local', 34035)
2014-11-23 06:12:53,640 - Server-8 - Receive ACK - CurrentTrans - Before:[4] Received UpdateNo:4
2014-11-23 06:12:53,641 - Server-8 - Receive ACK - CurrentTrans - After:[]
2014-11-23 06:12:53,642 - Server-8 - Send ACK for update no 4 to ('nafeess-MacBook-Air.local', 36055)
2014-11-23 06:12:59,528 - Server-8 - In receive of Role notification! from:('nafeess-MacBook-Air.local', 18110)
2014-11-23 06:13:03,573 - Server-8 - Req_id:CITI.1.137 Account:10002 Amount:300 Operation:deposit
2014-11-23 06:13:03,574 - Server-8 - Account Exists!
2014-11-23 06:13:03,574 - Server-8 - Received no of messages:5
2014-11-23 06:13:03,575 - Server-8 - Sent no of messages:5
2014-11-23 06:13:03,575 - Server-8 - before deposit operation: Account No:10002 Current Balance:300
2014-11-23 06:13:03,575 - Server-8 - Status of operation:('valid', ('CITI.1.137', 10002, 'Processed', 600), 600, ('CITI.1.137', 'D', 300))
2014-11-23 06:13:03,576 - Server-8 - Update No before forwarding to its successor:5 successor:('nafeess-MacBook-Air.local', 34035)
2014-11-23 06:13:03,587 - Server-8 - Receive ACK - CurrentTrans - Before:[5] Received UpdateNo:5
2014-11-23 06:13:03,588 - Server-8 - Receive ACK - CurrentTrans - After:[]
2014-11-23 06:13:03,590 - Server-8 - Req_id:CITI.1.138 Account:10001 Amount:150 Operation:withdraw
2014-11-23 06:13:03,591 - Server-8 - Account Exists!
2014-11-23 06:13:03,591 - Server-8 - Received no of messages:6
2014-11-23 06:13:03,591 - Server-8 - Sent no of messages:6
2014-11-23 06:13:03,592 - Server-8 - before withdraw operation: Account No:10001 Current Balance:0
2014-11-23 06:13:03,592 - Server-8 - Status of operation:('invalid', ('CITI.1.138', 10001, 'InsufficientFunds', 0))
2014-11-23 06:13:03,593 - Server-8 - Update No before forwarding to its successor:6 successor:('nafeess-MacBook-Air.local', 34035)
2014-11-23 06:13:03,604 - Server-8 - Receive ACK - CurrentTrans - Before:[6] Received UpdateNo:6
2014-11-23 06:13:03,605 - Server-8 - Receive ACK - CurrentTrans - After:[]
2014-11-23 06:13:03,608 - Server-8 - Req_id:CITI.1.139 Account:10001 Amount:600 Operation:deposit
2014-11-23 06:13:03,609 - Server-8 - Account Exists!
2014-11-23 06:13:03,610 - Server-8 - Received no of messages:7
2014-11-23 06:13:03,610 - Server-8 - Sent no of messages:7
2014-11-23 06:13:03,610 - Server-8 - before deposit operation: Account No:10001 Current Balance:0
2014-11-23 06:13:03,611 - Server-8 - Status of operation:('valid', ('CITI.1.139', 10001, 'Processed', 600), 600, ('CITI.1.139', 'D', 600))
2014-11-23 06:13:03,611 - Server-8 - Update No before forwarding to its successor:7 successor:('nafeess-MacBook-Air.local', 34035)
2014-11-23 06:13:03,624 - Server-8 - Receive ACK - CurrentTrans - Before:[7] Received UpdateNo:7
2014-11-23 06:13:03,625 - Server-8 - Receive ACK - CurrentTrans - After:[]
2014-11-23 06:13:03,627 - Server-8 - Req_id:CITI.1.140 Account:10001 Amount:200 Operation:withdraw
2014-11-23 06:13:03,628 - Server-8 - Account Exists!
2014-11-23 06:13:03,628 - Server-8 - Received no of messages:8
2014-11-23 06:13:03,628 - Server-8 - Sent no of messages:8
2014-11-23 06:13:03,629 - Server-8 - before withdraw operation: Account No:10001 Current Balance:600
2014-11-23 06:13:03,629 - Server-8 - Status of operation:('valid', ('CITI.1.140', 10001, 'Processed', 400), 400, ('CITI.1.140', 'W', 200))
2014-11-23 06:13:03,630 - Server-8 - Update No before forwarding to its successor:8 successor:('nafeess-MacBook-Air.local', 34035)
2014-11-23 06:13:03,641 - Server-8 - Receive ACK - CurrentTrans - Before:[8] Received UpdateNo:8
2014-11-23 06:13:03,642 - Server-8 - Receive ACK - CurrentTrans - After:[]
